  ImageLoader.cpp
LINK : warning LNK4098: defaultlib 'LIBCMT' conflicts with use of other libs; use /NODEFAULTLIB:library
  Generating code
  1 of 913 functions ( 0.1%) were compiled, the rest were copied from previous compilation.
    0 functions were new in current compilation
    2 functions had inline decision re-evaluated but remain unchanged
  Finished generating code
Shader.obj : warning LNK4049: locally defined symbol __glewLinkProgram imported
Shader.obj : warning LNK4049: locally defined symbol __glewDeleteShader imported
Shader.obj : warning LNK4049: locally defined symbol __glewGetProgramInfoLog imported
Shader.obj : warning LNK4049: locally defined symbol __glewDetachShader imported
Shader.obj : warning LNK4049: locally defined symbol __glewShaderSource imported
Shader.obj : warning LNK4049: locally defined symbol __glewAttachShader imported
Shader.obj : warning LNK4049: locally defined symbol __glewBindFragDataLocation imported
Shader.obj : warning LNK4049: locally defined symbol __glewGetProgramiv imported
Shader.obj : warning LNK4049: locally defined symbol __glewGetShaderInfoLog imported
Shader.obj : warning LNK4049: locally defined symbol __glewCreateProgram imported
Shader.obj : warning LNK4049: locally defined symbol __glewCreateShader imported
Shader.obj : warning LNK4049: locally defined symbol __glewCompileShader imported
Shader.obj : warning LNK4049: locally defined symbol __glewGetShaderiv imported
VertexBuffer.obj : warning LNK4049: locally defined symbol __glewDeleteBuffers imported
VertexBuffer.obj : warning LNK4049: locally defined symbol __glewGenBuffers imported
VertexBuffer.obj : warning LNK4049: locally defined symbol __glewGenVertexArrays imported
VertexBuffer.obj : warning LNK4049: locally defined symbol __glewBufferData imported
VertexBuffer.obj : warning LNK4049: locally defined symbol __glewDeleteVertexArrays imported
VertexBuffer.obj : warning LNK4049: locally defined symbol __glewBindBuffer imported
VertexBuffer.obj : warning LNK4049: locally defined symbol __glewVertexAttribPointer imported
VertexBuffer.obj : warning LNK4049: locally defined symbol __glewBindVertexArray imported
VertexBuffer.obj : warning LNK4049: locally defined symbol __glewEnableVertexAttribArray imported
glew32s.lib(glew.obj) : warning LNK4099: PDB 'vc120.pdb' was not found with 'glew32s.lib(glew.obj)' or at 'C:\Users\Jesse\Documents\GitHub\WoodWall\x64\Release\vc120.pdb'; linking object as if no debug info
  Omega-Phi.vcxproj -> C:\Users\Jesse\Documents\GitHub\WoodWall\x64\Release\Omega-Phi.exe
