c:\users\jesse\documents\github\woodwall\woodwall\x64\debug\vc141.pdb
c:\users\jesse\documents\github\woodwall\woodwall\x64\debug\vc141.idb
c:\users\jesse\documents\github\woodwall\woodwall\x64\debug\main.obj
c:\users\jesse\documents\github\woodwall\woodwall\x64\debug\house.obj
c:\users\jesse\documents\github\woodwall\x64\debug\woodwall.pdb
c:\users\jesse\documents\github\woodwall\woodwall\x64\debug\woodwall.tlog\cl.command.1.tlog
c:\users\jesse\documents\github\woodwall\woodwall\x64\debug\woodwall.tlog\cl.read.1.tlog
c:\users\jesse\documents\github\woodwall\woodwall\x64\debug\woodwall.tlog\cl.write.1.tlog
c:\users\jesse\documents\github\woodwall\woodwall\x64\debug\woodwall.tlog\ib.ib.cl.write.1.tlog
c:\users\jesse\documents\github\woodwall\woodwall\x64\debug\woodwall.tlog\ib.ib.link.26336-cvtres.write.1.tlog
c:\users\jesse\documents\github\woodwall\woodwall\x64\debug\woodwall.tlog\ib.ib.link.26336-rc.write.1.tlog
c:\users\jesse\documents\github\woodwall\woodwall\x64\debug\woodwall.tlog\ib.ib.link.26336.write.1.tlog
c:\users\jesse\documents\github\woodwall\woodwall\x64\debug\woodwall.tlog\ib.ib.link.write.1.tlog
c:\users\jesse\documents\github\woodwall\woodwall\x64\debug\woodwall.tlog\link.26336-cvtres.read.1.tlog
c:\users\jesse\documents\github\woodwall\woodwall\x64\debug\woodwall.tlog\link.26336-cvtres.write.1.tlog
c:\users\jesse\documents\github\woodwall\woodwall\x64\debug\woodwall.tlog\link.26336-rc.read.1.tlog
c:\users\jesse\documents\github\woodwall\woodwall\x64\debug\woodwall.tlog\link.26336-rc.write.1.tlog
c:\users\jesse\documents\github\woodwall\woodwall\x64\debug\woodwall.tlog\link.26336.read.1.tlog
c:\users\jesse\documents\github\woodwall\woodwall\x64\debug\woodwall.tlog\link.26336.write.1.tlog
c:\users\jesse\documents\github\woodwall\woodwall\x64\debug\woodwall.tlog\link.command.1.tlog
c:\users\jesse\documents\github\woodwall\woodwall\x64\debug\woodwall.tlog\link.read.1.tlog
c:\users\jesse\documents\github\woodwall\woodwall\x64\debug\woodwall.tlog\link.write.1.tlog
