LINK : warning LNK4098: defaultlib 'LIBCMT' conflicts with use of other libs; use /NODEFAULTLIB:library
LINK : warning LNK4098: defaultlib 'MSVCRT' conflicts with use of other libs; use /NODEFAULTLIB:library
Shader.obj : warning LNK4049: locally defined symbol __glewAttachShader imported
Shader.obj : warning LNK4049: locally defined symbol __glewCompileShader imported
Shader.obj : warning LNK4049: locally defined symbol __glewCreateProgram imported
Shader.obj : warning LNK4049: locally defined symbol __glewCreateShader imported
Shader.obj : warning LNK4049: locally defined symbol __glewDeleteShader imported
Shader.obj : warning LNK4049: locally defined symbol __glewDetachShader imported
Shader.obj : warning LNK4049: locally defined symbol __glewGetProgramInfoLog imported
Shader.obj : warning LNK4049: locally defined symbol __glewGetProgramiv imported
Shader.obj : warning LNK4049: locally defined symbol __glewGetShaderInfoLog imported
Shader.obj : warning LNK4049: locally defined symbol __glewGetShaderiv imported
Shader.obj : warning LNK4049: locally defined symbol __glewLinkProgram imported
Shader.obj : warning LNK4049: locally defined symbol __glewShaderSource imported
Shader.obj : warning LNK4049: locally defined symbol __glewBindFragDataLocation imported
VertexBuffer.obj : warning LNK4049: locally defined symbol __glewBindBuffer imported
VertexBuffer.obj : warning LNK4049: locally defined symbol __glewBufferData imported
VertexBuffer.obj : warning LNK4049: locally defined symbol __glewDeleteBuffers imported
VertexBuffer.obj : warning LNK4049: locally defined symbol __glewGenBuffers imported
VertexBuffer.obj : warning LNK4049: locally defined symbol __glewEnableVertexAttribArray imported
VertexBuffer.obj : warning LNK4049: locally defined symbol __glewVertexAttribPointer imported
VertexBuffer.obj : warning LNK4049: locally defined symbol __glewBindVertexArray imported
VertexBuffer.obj : warning LNK4049: locally defined symbol __glewDeleteVertexArrays imported
VertexBuffer.obj : warning LNK4049: locally defined symbol __glewGenVertexArrays imported
glew32s.lib(glew.obj) : warning LNK4099: PDB 'vc120.pdb' was not found with 'glew32s.lib(glew.obj)' or at 'C:\Users\Jesse\Documents\GitHub\WoodWall\x64\Debug\vc120.pdb'; linking object as if no debug info
  WoodWall.vcxproj -> C:\Users\Jesse\Documents\GitHub\WoodWall\x64\Debug\WoodWall.exe
