c:\users\jesse\documents\github\woodwall\omega-phi\x64\debug\omega-phi.pdb
c:\users\jesse\documents\github\woodwall\omega-phi\x64\debug\omega-phi.idb
c:\users\jesse\documents\github\woodwall\omega-phi\x64\debug\simplesprite.obj
c:\users\jesse\documents\github\woodwall\omega-phi\x64\debug\shader.obj
c:\users\jesse\documents\github\woodwall\omega-phi\x64\debug\renderer.obj
c:\users\jesse\documents\github\woodwall\omega-phi\x64\debug\renderable.obj
c:\users\jesse\documents\github\woodwall\omega-phi\x64\debug\opevent.obj
c:\users\jesse\documents\github\woodwall\omega-phi\x64\debug\mat4f.obj
c:\users\jesse\documents\github\woodwall\omega-phi\x64\debug\layer.obj
c:\users\jesse\documents\github\woodwall\omega-phi\x64\debug\ivec4.obj
c:\users\jesse\documents\github\woodwall\omega-phi\x64\debug\ivec3.obj
c:\users\jesse\documents\github\woodwall\omega-phi\x64\debug\ivec2.obj
c:\users\jesse\documents\github\woodwall\omega-phi\x64\debug\imageloader.obj
c:\users\jesse\documents\github\woodwall\omega-phi\x64\debug\imageatlas.obj
c:\users\jesse\documents\github\woodwall\omega-phi\x64\debug\game.obj
c:\users\jesse\documents\github\woodwall\omega-phi\x64\debug\fvec4.obj
c:\users\jesse\documents\github\woodwall\omega-phi\x64\debug\fvec3.obj
c:\users\jesse\documents\github\woodwall\omega-phi\x64\debug\fvec2.obj
c:\users\jesse\documents\github\woodwall\omega-phi\x64\debug\freeimage.obj
c:\users\jesse\documents\github\woodwall\omega-phi\x64\debug\fontloader.obj
c:\users\jesse\documents\github\woodwall\omega-phi\x64\debug\fileloader.obj
c:\users\jesse\documents\github\woodwall\omega-phi\x64\debug\eventcaller.obj
c:\users\jesse\documents\github\woodwall\omega-phi\x64\debug\window.obj
c:\users\jesse\documents\github\woodwall\omega-phi\x64\debug\vertexbuffer.obj
c:\users\jesse\documents\github\woodwall\omega-phi\x64\debug\stringsprite.obj
c:\users\jesse\documents\github\woodwall\x64\debug\omega-phi.lib
c:\users\jesse\documents\github\woodwall\omega-phi\x64\debug\imageatlas.new.obj.enc
c:\users\jesse\documents\github\woodwall\omega-phi\x64\debug\stringsprite.obj.enc
c:\users\jesse\documents\github\woodwall\x64\debug\omega-phi.pdb
c:\users\jesse\documents\github\woodwall\omega-phi\x64\debug\omega-phi.tlog\cl.command.1.tlog
c:\users\jesse\documents\github\woodwall\omega-phi\x64\debug\omega-phi.tlog\cl.read.1.tlog
c:\users\jesse\documents\github\woodwall\omega-phi\x64\debug\omega-phi.tlog\cl.write.1.tlog
c:\users\jesse\documents\github\woodwall\omega-phi\x64\debug\omega-phi.tlog\ib.ib.cl.write.1.tlog
c:\users\jesse\documents\github\woodwall\omega-phi\x64\debug\omega-phi.tlog\ib.ib.lib-link.write.1.tlog
c:\users\jesse\documents\github\woodwall\omega-phi\x64\debug\omega-phi.tlog\lib-link.read.1.tlog
c:\users\jesse\documents\github\woodwall\omega-phi\x64\debug\omega-phi.tlog\lib-link.write.1.tlog
c:\users\jesse\documents\github\woodwall\omega-phi\x64\debug\omega-phi.tlog\lib.command.1.tlog
